<?xml version="1.0" encoding="UTF-8"?>
<testng-results ignored="0" total="1" passed="1" failed="0" skipped="0">
  <reporter-output>
  </reporter-output>
  <suite started-at="2024-04-27T03:10:28 IST" name="Default suite" finished-at="2024-04-27T03:10:32 IST" duration-ms="4434">
    <groups>
    </groups>
    <test started-at="2024-04-27T03:10:28 IST" name="Default test" finished-at="2024-04-27T03:10:32 IST" duration-ms="4434">
      <class name="tests.Index">
        <test-method is-config="true" signature="start()[pri:0, instance:tests.Index@7e6f74c]" started-at="2024-04-27T03:10:28 IST" name="start" finished-at="2024-04-27T03:10:31 IST" duration-ms="3075" status="PASS">
          <reporter-output>
          </reporter-output>
        </test-method> <!-- start -->
        <test-method signature="AccountPageUI()[pri:0, instance:tests.Index@7e6f74c]" started-at="2024-04-27T03:10:31 IST" name="AccountPageUI" finished-at="2024-04-27T03:10:32 IST" duration-ms="1299" status="PASS">
          <reporter-output>
          </reporter-output>
        </test-method> <!-- AccountPageUI -->
      </class> <!-- tests.Index -->
    </test> <!-- Default test -->
  </suite> <!-- Default suite -->
</testng-results>
