<?xml version="1.0" encoding="UTF-8"?>
<!-- Generated by org.testng.reporters.JUnitXMLReporter -->
<testsuite ignored="7" hostname="Sasikumar" failures="0" tests="1" name="Default test" time="4.434" errors="0" timestamp="2024-04-27T03:10:32 IST">
  <testcase classname="tests.Index" name="AccountPageUI" time="1.299"/>
  <testcase classname="tests.Index" name="PopularPageUI" time="0.0">
    <ignored/>
  </testcase> <!-- PopularPageUI -->
  <testcase classname="tests.Index" name="searchPageUI" time="0.0">
    <ignored/>
  </testcase> <!-- searchPageUI -->
  <testcase classname="tests.Index" name="loginPageFunctions" time="0.0">
    <ignored/>
  </testcase> <!-- loginPageFunctions -->
  <testcase classname="tests.Index" name="HeaderSectionUI" time="0.0">
    <ignored/>
  </testcase> <!-- HeaderSectionUI -->
  <testcase classname="tests.Index" name="HeaderSectionFunctionalities" time="0.0">
    <ignored/>
  </testcase> <!-- HeaderSectionFunctionalities -->
  <testcase classname="tests.Index" name="loginPageUI" time="0.0">
    <ignored/>
  </testcase> <!-- loginPageUI -->
  <testcase classname="tests.Index" name="homePageTest" time="0.0">
    <ignored/>
  </testcase> <!-- homePageTest -->
</testsuite> <!-- Default test -->
